<?xml version="1.0" encoding="UTF-8"?>
<!-- Generated by org.testng.reporters.JUnitXMLReporter -->
<testsuite ignored="0" hostname="V_Kumar" failures="0" tests="3" name="Surefire test" time="7.98" errors="0" timestamp="2026-02-20T22:17:44 IST">
  <testcase classname="testCases.Search" name="sr_ValidProduct" time="0.487"/>
  <testcase classname="testCases.Search" name="sr_InvalidProduct" time="0.366"/>
  <testcase classname="testCases.Search" name="sr_NOProduct" time="0.378"/>
</testsuite> <!-- Surefire test -->
