<?xml version="1.0" encoding="UTF-8"?>
<!-- Generated by org.testng.reporters.JUnitXMLReporter -->
<testsuite ignored="0" hostname="V_Kumar" failures="0" tests="3" name="Default test" time="8.64" errors="0" timestamp="2026-02-19T12:26:05 IST">
  <testcase classname="testCases.Search" name="sr_ValidProduct" time="0.423"/>
  <testcase classname="testCases.Search" name="sr_InvalidProduct" time="0.418"/>
  <testcase classname="testCases.Search" name="sr_NOProduct" time="0.328"/>
</testsuite> <!-- Default test -->
