<?xml version="1.0" encoding="UTF-8"?>
<!-- Generated by org.testng.reporters.JUnitXMLReporter -->
<testsuite ignored="2" hostname="V_Kumar" failures="2" tests="2" name="SmokeTest" time="1.198" errors="0" timestamp="2026-02-19T12:43:28 IST">
  <testcase classname="testCases.RegisterAccount" name="reg_AllFields" time="0.013">
    <failure type="java.lang.NullPointerException" message="Cannot invoke &amp;quot;com.aventstack.extentreports.ExtentReports.createTest(String)&amp;quot; because &amp;quot;this.extent&amp;quot; is null">
      <![CDATA[java.lang.NullPointerException: Cannot invoke "com.aventstack.extentreports.ExtentReports.createTest(String)" because "this.extent" is null
at testCases.RegisterAccount.reg_AllFields(RegisterAccount.java:76)
at java.base/java.util.ArrayList.forEach(ArrayList.java:1596)
... Removed 25 stack frames]]>
    </failure>
  </testcase> <!-- reg_AllFields -->
  <testcase classname="testCases.RegisterAccount" name="reg_AllFields" time="0.001">
    <failure type="java.lang.NullPointerException" message="Cannot invoke &amp;quot;com.aventstack.extentreports.ExtentReports.createTest(String)&amp;quot; because &amp;quot;this.extent&amp;quot; is null">
      <![CDATA[java.lang.NullPointerException: Cannot invoke "com.aventstack.extentreports.ExtentReports.createTest(String)" because "this.extent" is null
at testCases.RegisterAccount.reg_AllFields(RegisterAccount.java:76)
at java.base/java.util.ArrayList.forEach(ArrayList.java:1596)
... Removed 25 stack frames]]>
    </failure>
  </testcase> <!-- reg_AllFields -->
  <testcase classname="testCases.RegisterAccount" name="reg_NoFields" time="0.0">
    <ignored/>
  </testcase> <!-- reg_NoFields -->
  <testcase classname="testCases.RegisterAccount" name="reg_MandatoryFields" time="0.0">
    <ignored/>
  </testcase> <!-- reg_MandatoryFields -->
</testsuite> <!-- SmokeTest -->
