<?xml version="1.0" encoding="UTF-8"?>
<!-- Generated by org.testng.reporters.JUnitXMLReporter -->
<testsuite ignored="0" hostname="V_Kumar" failures="0" tests="5" name="Test" time="24.642" errors="0" timestamp="2026-02-19T12:38:45 IST">
  <testcase classname="testCases.RegisterAccount" name="reg_MandatoryFields" time="2.088"/>
  <testcase classname="testCases.RegisterAccount" name="reg_MandatoryFields" time="2.053"/>
  <testcase classname="testCases.RegisterAccount" name="reg_AllFields" time="2.097"/>
  <testcase classname="testCases.RegisterAccount" name="reg_AllFields" time="2.172"/>
  <testcase classname="testCases.RegisterAccount" name="reg_NoFields" time="1.152"/>
</testsuite> <!-- Test -->
