<?xml version="1.0" encoding="UTF-8"?>
<!-- Generated by org.testng.reporters.JUnitReportReporter -->
<testsuite hostname="V_Kumar" failures="0" tests="3" name="testCases.Search" time="7.934" errors="0" timestamp="2026-02-20T22:17:45 IST" skipped="0">
  <testcase classname="testCases.Search" name="sr_ValidProduct" time="2.537"/>
  <testcase classname="testCases.Search" name="sr_InvalidProduct" time="2.997"/>
  <testcase classname="testCases.Search" name="sr_NOProduct" time="2.400"/>
</testsuite> <!-- testCases.Search -->
